0 info it worked if it ends with ok
1 verbose cli [ '/usr/local/bin/node',
1 verbose cli   '/usr/local/bin/npm',
1 verbose cli   'install',
1 verbose cli   '-g',
1 verbose cli   'n' ]
2 info using npm@5.4.2
3 info using node@v6.9.0
4 silly loadCurrentTree Starting
5 silly install loadCurrentTree
6 silly install readGlobalPackageData
7 silly fetchPackageMetaData n
8 silly fetchNamedPackageData n
9 silly mapToRegistry name n
10 silly mapToRegistry using default registry
11 silly mapToRegistry registry https://npm-proxy.fury.io/vhSarUtfzDkKML1GeT54/oneflare/
12 silly mapToRegistry data Result {
12 silly mapToRegistry   raw: 'n',
12 silly mapToRegistry   scope: null,
12 silly mapToRegistry   escapedName: 'n',
12 silly mapToRegistry   name: 'n',
12 silly mapToRegistry   rawSpec: '',
12 silly mapToRegistry   spec: 'latest',
12 silly mapToRegistry   type: 'tag' }
13 silly mapToRegistry uri https://npm-proxy.fury.io/vhSarUtfzDkKML1GeT54/oneflare/n
14 verbose request uri https://npm-proxy.fury.io/vhSarUtfzDkKML1GeT54/oneflare/n
15 verbose request no auth needed
16 info attempt registry request try #1 at 3:17:10 PM
17 verbose request using bearer token for auth
18 verbose request id b09fa7f71bc83fb9
19 http request GET https://npm-proxy.fury.io/vhSarUtfzDkKML1GeT54/oneflare/n
20 http 200 https://npm-proxy.fury.io/vhSarUtfzDkKML1GeT54/oneflare/n
21 verbose headers { connection: 'keep-alive',
21 verbose headers   'accept-ranges': 'bytes',
21 verbose headers   age: '2474',
21 verbose headers   'cache-control': 'max-age=300',
21 verbose headers   'content-encoding': 'gzip',
21 verbose headers   'content-length': '11954',
21 verbose headers   'content-type': 'application/json; charset=UTF-8',
21 verbose headers   date: 'Fri, 16 Mar 2018 04:17:11 GMT',
21 verbose headers   etag: '"5aa05588-11758"',
21 verbose headers   'last-modified': 'Wed, 7 Mar 2018 21:11:36 GMT',
21 verbose headers   server: 'UploadServer',
21 verbose headers   vary: 'Accept-Encoding, Accept',
21 verbose headers   via: '1.1 varnish, 1.1 vegur',
21 verbose headers   'x-cache': 'HIT',
21 verbose headers   'x-cache-hits': '1',
21 verbose headers   'x-npm-region': 'US-East',
21 verbose headers   'x-served-by': 'cache-dca17731-DCA',
21 verbose headers   'x-timer': 'S1521173832.983064,VS0,VE0' }
22 silly get cb [ 200,
22 silly get   { connection: 'keep-alive',
22 silly get     'accept-ranges': 'bytes',
22 silly get     age: '2474',
22 silly get     'cache-control': 'max-age=300',
22 silly get     'content-encoding': 'gzip',
22 silly get     'content-length': '11954',
22 silly get     'content-type': 'application/json; charset=UTF-8',
22 silly get     date: 'Fri, 16 Mar 2018 04:17:11 GMT',
22 silly get     etag: '"5aa05588-11758"',
22 silly get     'last-modified': 'Wed, 7 Mar 2018 21:11:36 GMT',
22 silly get     server: 'UploadServer',
22 silly get     vary: 'Accept-Encoding, Accept',
22 silly get     via: '1.1 varnish, 1.1 vegur',
22 silly get     'x-cache': 'HIT',
22 silly get     'x-cache-hits': '1',
22 silly get     'x-npm-region': 'US-East',
22 silly get     'x-served-by': 'cache-dca17731-DCA',
22 silly get     'x-timer': 'S1521173832.983064,VS0,VE0' } ]
23 verbose get saving n to /Users/rhys/.npm/npm-proxy.fury.io/vhSarUtfzDkKML1GeT54/oneflare/n/.cache.json
24 verbose correctMkdir /Users/rhys/.npm correctMkdir not in flight; initializing
25 verbose makeDirectory /Users/rhys/.npm creation not in flight; initializing
26 silly makeDirectory /Users/rhys/.npm uid: 502 gid: 20
27 silly install normalizeTree
28 silly loadCurrentTree Finishing
29 silly loadIdealTree Starting
30 silly install loadIdealTree
31 silly cloneCurrentTree Starting
32 silly install cloneCurrentTreeToIdealTree
33 silly cloneCurrentTree Finishing
34 silly loadShrinkwrap Starting
35 silly install loadShrinkwrap
36 silly loadShrinkwrap Finishing
37 silly loadAllDepsIntoIdealTree Starting
38 silly install loadAllDepsIntoIdealTree
39 silly resolveWithNewModule n@2.1.8 checking installable status
40 silly cache add args [ 'n', null ]
41 verbose cache add spec n
42 silly cache add parsed spec Result {
42 silly cache add   raw: 'n',
42 silly cache add   scope: null,
42 silly cache add   escapedName: 'n',
42 silly cache add   name: 'n',
42 silly cache add   rawSpec: '',
42 silly cache add   spec: 'latest',
42 silly cache add   type: 'tag' }
43 silly addNamed n@latest
44 verbose addNamed "latest" is being treated as a dist-tag for n
45 info addNameTag [ 'n', 'latest' ]
46 silly mapToRegistry name n
47 silly mapToRegistry using default registry
48 silly mapToRegistry registry https://npm-proxy.fury.io/vhSarUtfzDkKML1GeT54/oneflare/
49 silly mapToRegistry data Result {
49 silly mapToRegistry   raw: 'n',
49 silly mapToRegistry   scope: null,
49 silly mapToRegistry   escapedName: 'n',
49 silly mapToRegistry   name: 'n',
49 silly mapToRegistry   rawSpec: '',
49 silly mapToRegistry   spec: 'latest',
49 silly mapToRegistry   type: 'tag' }
50 silly mapToRegistry uri https://npm-proxy.fury.io/vhSarUtfzDkKML1GeT54/oneflare/n
51 verbose addNameTag registry:https://npm-proxy.fury.io/vhSarUtfzDkKML1GeT54/oneflare/n not in flight; fetching
52 verbose get https://npm-proxy.fury.io/vhSarUtfzDkKML1GeT54/oneflare/n not expired, no request
53 silly addNameTag next cb for n with tag latest
54 silly addNamed n@2.1.8
55 verbose addNamed "2.1.8" is a plain semver version for n
56 silly mapToRegistry name n
57 silly mapToRegistry using default registry
58 silly mapToRegistry registry https://npm-proxy.fury.io/vhSarUtfzDkKML1GeT54/oneflare/
59 silly mapToRegistry data Result {
59 silly mapToRegistry   raw: 'n',
59 silly mapToRegistry   scope: null,
59 silly mapToRegistry   escapedName: 'n',
59 silly mapToRegistry   name: 'n',
59 silly mapToRegistry   rawSpec: '',
59 silly mapToRegistry   spec: 'latest',
59 silly mapToRegistry   type: 'tag' }
60 silly mapToRegistry uri https://npm-proxy.fury.io/vhSarUtfzDkKML1GeT54/oneflare/n
61 verbose addRemoteTarball https://registry.npmjs.org/n/-/n-2.1.8.tgz not in flight; adding
62 verbose addRemoteTarball [ 'https://registry.npmjs.org/n/-/n-2.1.8.tgz',
62 verbose addRemoteTarball   '9b770f6ae0a93c49c64fb614625a63cc5a22d1fd' ]
63 info retry fetch attempt 1 at 3:17:12 PM
64 info attempt registry request try #1 at 3:17:12 PM
65 http fetch GET https://registry.npmjs.org/n/-/n-2.1.8.tgz
66 verbose request using bearer token for auth
67 http fetch 200 https://registry.npmjs.org/n/-/n-2.1.8.tgz
68 silly fetchAndShaCheck shasum 9b770f6ae0a93c49c64fb614625a63cc5a22d1fd
69 verbose addTmpTarball /tmp/npm-12523-b1f7ebf8/registry.npmjs.org/n/-/n-2.1.8.tgz not in flight; adding
70 verbose addTmpTarball already have metadata; skipping unpack for n@2.1.8
71 verbose correctMkdir /Users/rhys/.npm correctMkdir not in flight; initializing
72 silly cache afterAdd n@2.1.8
73 verbose afterAdd /Users/rhys/.npm/n/2.1.8/package/package.json not in flight; writing
74 verbose correctMkdir /Users/rhys/.npm correctMkdir not in flight; initializing
75 verbose afterAdd /Users/rhys/.npm/n/2.1.8/package/package.json written
76 verbose stack TypeError: Class constructor  cannot be invoked without 'new'
76 verbose stack     at doUntar (/usr/local/lib/node_modules/npm/lib/fetch-package-metadata.js:343:33)
76 verbose stack     at doGunzip (/usr/local/lib/node_modules/npm/lib/fetch-package-metadata.js:339:5)
76 verbose stack     at ReadStream.OD (/usr/local/lib/node_modules/npm/lib/fetch-package-metadata.js:315:7)
76 verbose stack     at emitOne (events.js:96:13)
76 verbose stack     at ReadStream.emit (events.js:188:7)
76 verbose stack     at readableAddChunk (_stream_readable.js:176:18)
76 verbose stack     at ReadStream.Readable.push (_stream_readable.js:134:10)
76 verbose stack     at onread (fs.js:2004:12)
76 verbose stack     at callback (/usr/local/lib/node_modules/npm/node_modules/graceful-fs/polyfills.js:100:19)
76 verbose stack     at FSReqWrap.wrapper [as oncomplete] (fs.js:681:17)
77 verbose cwd /Users/rhys/projects/scaffold_helper
78 error Darwin 16.7.0
79 error argv "/usr/local/bin/node" "/usr/local/bin/npm" "install" "-g" "n"
80 error node v6.9.0
81 error npm  v5.4.2
82 error Class constructor  cannot be invoked without 'new'
83 error If you need help, you may report this error at:
83 error     <https://github.com/npm/npm/issues>
84 verbose exit [ 1, true ]
